[I 18:09:29.118 NotebookApp] Writing notebook server cookie secret to /run/user/1000/jupyter/notebook_cookie_secret
[I 18:09:29.281 NotebookApp] Serving notebooks from local directory: /home/k123/git_repo/paper_notes/hw
[I 18:09:29.281 NotebookApp] 0 active kernels
[I 18:09:29.281 NotebookApp] The Jupyter Notebook is running at:
[I 18:09:29.281 NotebookApp] https://[all ip addresses on your system]:5000/
[I 18:09:29.281 NotebookApp] Use Control-C to stop this server and shut down all kernels (twice to skip confirmation).
[I 18:09:46.390 NotebookApp] 302 GET / (111.241.46.51) 0.93ms
[I 18:09:46.448 NotebookApp] 302 GET /tree? (111.241.46.51) 0.53ms
[W 18:09:46.448 NotebookApp] Forbidden
[W 18:09:46.448 NotebookApp] 403 GET /api/sessions?_=1525092431816 (111.241.46.51) 0.47ms referer=https://114.34.117.184:5000/tree?
[W 18:09:46.534 NotebookApp] Forbidden
[W 18:09:46.535 NotebookApp] 403 GET /api/terminals?_=1525092431817 (111.241.46.51) 0.76ms referer=https://114.34.117.184:5000/tree?
[W 18:09:46.536 NotebookApp] Forbidden
[W 18:09:46.537 NotebookApp] 403 GET /api/kernelspecs (111.241.46.51) 0.75ms referer=https://114.34.117.184:5000/tree?
[W 18:09:46.538 NotebookApp] Forbidden
[W 18:09:46.539 NotebookApp] 403 GET /api/config/common?_=1525092431814 (111.241.46.51) 0.75ms referer=https://114.34.117.184:5000/tree?
[W 18:09:46.539 NotebookApp] Forbidden
[W 18:09:46.540 NotebookApp] 403 GET /api/terminals?_=1525092431815 (111.241.46.51) 0.70ms referer=https://114.34.117.184:5000/tree?
[W 18:09:46.560 NotebookApp] Forbidden
[W 18:09:46.561 NotebookApp] 403 GET /api/contents?type=directory&_=1525092431818 (111.241.46.51) 0.67ms referer=https://114.34.117.184:5000/tree?
[W 18:09:46.562 NotebookApp] Forbidden
[W 18:09:46.562 NotebookApp] 403 GET /api/config/tree?_=1525092431813 (111.241.46.51) 0.64ms referer=https://114.34.117.184:5000/tree?
[I 18:09:47.842 NotebookApp] 302 POST /login?next=%2Ftree%3F (111.241.46.51) 2.70ms
[I 18:09:52.867 NotebookApp] Creating new notebook in 
[I 18:09:53.756 NotebookApp] Kernel started: 199146fc-776e-4859-b1d4-5f2e2bc26b81
[I 18:09:54.096 NotebookApp] Adapting to protocol v5.1 for kernel 199146fc-776e-4859-b1d4-5f2e2bc26b81
[I 18:11:53.909 NotebookApp] Saving file at /Codes.ipynb
[I 18:49:46.385 NotebookApp] Starting buffering for 199146fc-776e-4859-b1d4-5f2e2bc26b81:9e0203bbecbe465586c51bf37dc1458a
[I 18:49:46.611 NotebookApp] Kernel restarted: 199146fc-776e-4859-b1d4-5f2e2bc26b81
[I 18:49:47.115 NotebookApp] Adapting to protocol v5.1 for kernel 199146fc-776e-4859-b1d4-5f2e2bc26b81
[I 18:49:47.115 NotebookApp] Restoring connection for 199146fc-776e-4859-b1d4-5f2e2bc26b81:9e0203bbecbe465586c51bf37dc1458a
[I 18:49:47.115 NotebookApp] Replaying 6 buffered messages
[I 18:50:21.328 NotebookApp] 302 POST /login?next=%2F (111.241.46.51) 2.59ms
[I 18:50:21.377 NotebookApp] 302 GET / (111.241.46.51) 0.89ms
[I 18:50:25.501 NotebookApp] Kernel started: 4600238b-bbb8-471d-855a-55ebb0da5e46
[I 18:50:25.823 NotebookApp] Adapting to protocol v5.1 for kernel 4600238b-bbb8-471d-855a-55ebb0da5e46
[W 18:50:26.073 NotebookApp] 404 GET /api/contents/Codes.ipynb?content=0&_=1525169393341 (111.241.46.51): No such file or directory: Codes.ipynb
[W 18:50:26.073 NotebookApp] No such file or directory: Codes.ipynb
[W 18:50:26.074 NotebookApp] 404 GET /api/contents/Codes.ipynb?content=0&_=1525169393341 (111.241.46.51) 15.47ms referer=https://114.34.117.184:5000/notebooks/Codes.ipynb
[I 18:50:26.109 NotebookApp] Uploading file to /Codes.ipynb
[I 18:50:55.227 NotebookApp] Starting buffering for 199146fc-776e-4859-b1d4-5f2e2bc26b81:9e0203bbecbe465586c51bf37dc1458a
[I 18:52:25.704 NotebookApp] Saving file at /hw1/Codes.ipynb
[I 18:56:25.556 NotebookApp] Saving file at /hw1/Codes.ipynb
[I 18:57:35.456 NotebookApp] Saving file at /hw1/Codes.ipynb
[I 18:58:25.700 NotebookApp] Saving file at /hw1/Codes.ipynb
[I 19:00:25.690 NotebookApp] Saving file at /hw1/Codes.ipynb
[I 19:01:45.206 NotebookApp] Saving file at /hw1/Codes.ipynb
[I 19:01:45.318 NotebookApp] Saving file at /hw1/Codes.ipynb
[I 19:01:46.695 NotebookApp] Starting buffering for 4600238b-bbb8-471d-855a-55ebb0da5e46:f0c7d2d5e78e44178bc8713eb5535b2c
[I 19:01:47.433 NotebookApp] Adapting to protocol v5.1 for kernel 4600238b-bbb8-471d-855a-55ebb0da5e46
[I 19:24:34.214 NotebookApp] Starting buffering for 4600238b-bbb8-471d-855a-55ebb0da5e46:d15b821a68cc458ba0f5af8bb1a5d2a4
[I 19:24:34.440 NotebookApp] Kernel restarted: 4600238b-bbb8-471d-855a-55ebb0da5e46
[I 19:24:34.861 NotebookApp] Adapting to protocol v5.1 for kernel 4600238b-bbb8-471d-855a-55ebb0da5e46
[I 19:24:34.862 NotebookApp] Restoring connection for 4600238b-bbb8-471d-855a-55ebb0da5e46:d15b821a68cc458ba0f5af8bb1a5d2a4
[I 19:24:34.863 NotebookApp] Replaying 3 buffered messages
[I 19:26:32.560 NotebookApp] Saving file at /hw1/Codes.ipynb
[I 19:28:32.599 NotebookApp] Saving file at /hw1/Codes.ipynb
num param iterD: 1
Online Dictionary Learning with no parameter 
mode Alpha 2
Cleaning activated 
batch size: 400
L: 100
lambda: 0.15
mode: 2
*****Online Dictionary Learning*****
Iteration: 0
Iteration: 1
Iteration: 2
Iteration: 3
Iteration: 4
Iteration: 5
Iteration: 6
Iteration: 7
Iteration: 8
Iteration: 9
Iteration: 10
Iteration: 11
Iteration: 12
Iteration: 13
Iteration: 14
Iteration: 15
Iteration: 16
Iteration: 17
Iteration: 18
Iteration: 19
Iteration: 20
Iteration: 21
Iteration: 22
Iteration: 23
Iteration: 24
Iteration: 25
Iteration: 26
Iteration: 27
Iteration: 28
Iteration: 29
Iteration: 30
Iteration: 31
Iteration: 32
Iteration: 33
Iteration: 34
Iteration: 35
Iteration: 36
Iteration: 37
Iteration: 38
Iteration: 39
Iteration: 40
Iteration: 41
Iteration: 42
Iteration: 43
Iteration: 44
Iteration: 45
Iteration: 46
Iteration: 47
Iteration: 48
Iteration: 49
Iteration: 50
Iteration: 51
Iteration: 52
Iteration: 53
Iteration: 54
Iteration: 55
Iteration: 56
Iteration: 57
Iteration: 58
Iteration: 59
Iteration: 60
Iteration: 61
Iteration: 62
Iteration: 63
Iteration: 64
Iteration: 65
Iteration: 66
Iteration: 67
Iteration: 68
Iteration: 69
Iteration: 70
Iteration: 71
Iteration: 72
Iteration: 73
Iteration: 74
Iteration: 75
Iteration: 76
Iteration: 77
Iteration: 78
Iteration: 79
Iteration: 80
Iteration: 81
Iteration: 82
Iteration: 83
Iteration: 84
Iteration: 85
Iteration: 86
Iteration: 87
Iteration: 88
Iteration: 89
Iteration: 90
Iteration: 91
Iteration: 92
Iteration: 93
Iteration: 94
Iteration: 95
Iteration: 96
Iteration: 97
Iteration: 98
Iteration: 99
Iteration: 100
Iteration: 101
Iteration: 102
Iteration: 103
Iteration: 104
Iteration: 105
Iteration: 106
Iteration: 107
Iteration: 108
Iteration: 109
Iteration: 110
Iteration: 111
Iteration: 112
Iteration: 113
Iteration: 114
Iteration: 115
Iteration: 116
Iteration: 117
Iteration: 118
Iteration: 119
Iteration: 120
Iteration: 121
Iteration: 122
Iteration: 123
Iteration: 124
Iteration: 125
Iteration: 126
Iteration: 127
Iteration: 128
Iteration: 129
Iteration: 130
Iteration: 131
Iteration: 132
Iteration: 133
Iteration: 134
Iteration: 135
Iteration: 136
Iteration: 137
Iteration: 138
Iteration: 139
Iteration: 140
Iteration: 141
Iteration: 142
Iteration: 143
Iteration: 144
Iteration: 145
Iteration: 146
Iteration: 147
Iteration: 148
Iteration: 149
Iteration: 150
Iteration: 151
Iteration: 152
Iteration: 153
Iteration: 154
Iteration: 155
Iteration: 156
Iteration: 157
Iteration: 158
Iteration: 159
Iteration: 160
Iteration: 161
Iteration: 162
Iteration: 163
Iteration: 164
Iteration: 165
Iteration: 166
Iteration: 167
Iteration: 168
Iteration: 169
Iteration: 170
Iteration: 171
Iteration: 172
Iteration: 173
Iteration: 174
Iteration: 175
Iteration: 176
Iteration: 177
Iteration: 178
Iteration: 179
Iteration: 180
Iteration: 181
Iteration: 182
Iteration: 183
Iteration: 184
Iteration: 185
Iteration: 186
Iteration: 187
Iteration: 188
Iteration: 189
Iteration: 190
Iteration: 191
Iteration: 192
Iteration: 193
Iteration: 194
Iteration: 195
Iteration: 196
Iteration: 197
Iteration: 198
Iteration: 199
Iteration: 200
Iteration: 201
Iteration: 202
Iteration: 203
Iteration: 204
Iteration: 205
Iteration: 206
Iteration: 207
Iteration: 208
Iteration: 209
Iteration: 210
Iteration: 211
Iteration: 212
Iteration: 213
Iteration: 214
Iteration: 215
Iteration: 216
Iteration: 217
Iteration: 218
Iteration: 219
Iteration: 220
Iteration: 221
Iteration: 222
Iteration: 223
Iteration: 224
[I 19:30:32.573 NotebookApp] Saving file at /hw1/Codes.ipynb
Iteration: 225
Iteration: 226
Iteration: 227
Iteration: 228
Iteration: 229
Iteration: 230
Iteration: 231
Iteration: 232
Iteration: 233
Iteration: 234
Iteration: 235
Iteration: 236
Iteration: 237
Iteration: 238
Iteration: 239
Iteration: 240
Iteration: 241
Iteration: 242
Iteration: 243
Iteration: 244
Iteration: 245
Iteration: 246
Iteration: 247
Iteration: 248
Iteration: 249
Iteration: 250
Iteration: 251
Iteration: 252
Iteration: 253
Iteration: 254
Iteration: 255
Iteration: 256
Iteration: 257
Iteration: 258
Iteration: 259
Iteration: 260
Iteration: 261
Iteration: 262
Iteration: 263
Iteration: 264
Iteration: 265
Iteration: 266
Iteration: 267
Iteration: 268
Iteration: 269
Iteration: 270
Iteration: 271
Iteration: 272
Iteration: 273
Iteration: 274
Iteration: 275
Iteration: 276
Iteration: 277
Iteration: 278
Iteration: 279
Iteration: 280
Iteration: 281
Iteration: 282
Iteration: 283
Iteration: 284
Iteration: 285
Iteration: 286
Iteration: 287
Iteration: 288
Iteration: 289
Iteration: 290
Iteration: 291
Iteration: 292
Iteration: 293
Iteration: 294
Iteration: 295
Iteration: 296
Iteration: 297
Iteration: 298
Iteration: 299
Iteration: 300
Iteration: 301
Iteration: 302
Iteration: 303
Iteration: 304
Iteration: 305
Iteration: 306
Iteration: 307
Iteration: 308
Iteration: 309
Iteration: 310
Iteration: 311
Iteration: 312
Iteration: 313
Iteration: 314
Iteration: 315
Iteration: 316
Iteration: 317
Iteration: 318
Iteration: 319
Iteration: 320
Iteration: 321
Iteration: 322
Iteration: 323
Iteration: 324
Iteration: 325
Iteration: 326
Iteration: 327
Iteration: 328
Iteration: 329
Iteration: 330
Iteration: 331
Iteration: 332
Iteration: 333
Iteration: 334
Iteration: 335
Iteration: 336
Iteration: 337
Iteration: 338
Iteration: 339
Iteration: 340
Iteration: 341
Iteration: 342
Iteration: 343
Iteration: 344
Iteration: 345
Iteration: 346
Iteration: 347
Iteration: 348
Iteration: 349
Iteration: 350
Iteration: 351
Iteration: 352
Iteration: 353
Iteration: 354
Iteration: 355
Iteration: 356
Iteration: 357
Iteration: 358
Iteration: 359
Iteration: 360
Iteration: 361
Iteration: 362
Iteration: 363
Iteration: 364
Iteration: 365
Iteration: 366
Iteration: 367
Iteration: 368
Iteration: 369
Iteration: 370
Iteration: 371
Iteration: 372
Iteration: 373
Iteration: 374
Iteration: 375
Iteration: 376
Iteration: 377
Iteration: 378
Iteration: 379
Iteration: 380
Iteration: 381
Iteration: 382
Iteration: 383
Iteration: 384
Iteration: 385
Iteration: 386
Iteration: 387
Iteration: 388
Iteration: 389
Iteration: 390
Iteration: 391
Iteration: 392
Iteration: 393
Iteration: 394
Iteration: 395
Iteration: 396
Iteration: 397
Iteration: 398
Iteration: 399
Iteration: 400
Iteration: 401
Iteration: 402
Iteration: 403
Iteration: 404
Iteration: 405
Iteration: 406
Iteration: 407
Iteration: 408
Iteration: 409
Iteration: 410
Iteration: 411
Iteration: 412
Iteration: 413
Iteration: 414
Iteration: 415
Iteration: 416
Iteration: 417
Iteration: 418
Iteration: 419
Iteration: 420
Iteration: 421
Iteration: 422
Iteration: 423
Iteration: 424
Iteration: 425
Iteration: 426
Iteration: 427
Iteration: 428
Iteration: 429
Iteration: 430
Iteration: 431
Iteration: 432
Iteration: 433
Iteration: 434
Iteration: 435
Iteration: 436
Iteration: 437
Iteration: 438
Iteration: 439
Iteration: 440
Iteration: 441
Iteration: 442
Iteration: 443
Iteration: 444
Iteration: 445
Iteration: 446
Iteration: 447
Iteration: 448
Iteration: 449
Iteration: 450
Iteration: 451
Iteration: 452
Iteration: 453
Iteration: 454
Iteration: 455
Iteration: 456
Iteration: 457
Iteration: 458
Iteration: 459
Iteration: 460
Iteration: 461
Iteration: 462
Iteration: 463
Iteration: 464
Iteration: 465
Iteration: 466
Iteration: 467
Iteration: 468
Iteration: 469
Iteration: 470
Iteration: 471
Iteration: 472
Iteration: 473
Iteration: 474
Iteration: 475
Iteration: 476
Iteration: 477
Iteration: 478
Iteration: 479
Iteration: 480
Iteration: 481
Iteration: 482
Iteration: 483
Iteration: 484
Iteration: 485
Iteration: 486
Iteration: 487
Iteration: 488
Iteration: 489
Iteration: 490
Iteration: 491
Iteration: 492
Iteration: 493
Iteration: 494
Iteration: 495
Iteration: 496
Iteration: 497
Iteration: 498
Iteration: 499
Iteration: 500
Iteration: 501
Iteration: 502
Iteration: 503
Iteration: 504
Iteration: 505
Iteration: 506
Iteration: 507
Iteration: 508
Iteration: 509
Iteration: 510
Iteration: 511
Iteration: 512
Iteration: 513
Iteration: 514
Iteration: 515
Iteration: 516
Iteration: 517
Iteration: 518
Iteration: 519
Iteration: 520
Iteration: 521
Iteration: 522
Iteration: 523
Iteration: 524
Iteration: 525
Iteration: 526
Iteration: 527
Iteration: 528
Iteration: 529
Iteration: 530
Iteration: 531
Iteration: 532
Iteration: 533
Iteration: 534
Iteration: 535
Iteration: 536
Iteration: 537
Iteration: 538
Iteration: 539
Iteration: 540
Iteration: 541
Iteration: 542
Iteration: 543
Iteration: 544
Iteration: 545
Iteration: 546
Iteration: 547
Iteration: 548
Iteration: 549
Iteration: 550
Iteration: 551
Iteration: 552
Iteration: 553
Iteration: 554
Iteration: 555
Iteration: 556
Iteration: 557
Iteration: 558
Iteration: 559
Iteration: 560
Iteration: 561
Iteration: 562
Iteration: 563
Iteration: 564
Iteration: 565
Iteration: 566
Iteration: 567
Iteration: 568
Iteration: 569
[I 19:32:32.586 NotebookApp] Saving file at /hw1/Codes.ipynb
Iteration: 570
Iteration: 571
Iteration: 572
Iteration: 573
Iteration: 574
Iteration: 575
Iteration: 576
Iteration: 577
Iteration: 578
Iteration: 579
Iteration: 580
Iteration: 581
Iteration: 582
Iteration: 583
Iteration: 584
Iteration: 585
Iteration: 586
Iteration: 587
Iteration: 588
Iteration: 589
Iteration: 590
Iteration: 591
Iteration: 592
Iteration: 593
Iteration: 594
Iteration: 595
Iteration: 596
Iteration: 597
Iteration: 598
Iteration: 599
Iteration: 600
Iteration: 601
Iteration: 602
Iteration: 603
Iteration: 604
Iteration: 605
Iteration: 606
Iteration: 607
Iteration: 608
Iteration: 609
Iteration: 610
Iteration: 611
Iteration: 612
Iteration: 613
Iteration: 614
Iteration: 615
Iteration: 616
Iteration: 617
Iteration: 618
Iteration: 619
Iteration: 620
Iteration: 621
Iteration: 622
Iteration: 623
Iteration: 624
Iteration: 625
Iteration: 626
Iteration: 627
Iteration: 628
Iteration: 629
Iteration: 630
Iteration: 631
Iteration: 632
Iteration: 633
Iteration: 634
Iteration: 635
Iteration: 636
Iteration: 637
Iteration: 638
Iteration: 639
Iteration: 640
Iteration: 641
Iteration: 642
Iteration: 643
Iteration: 644
Iteration: 645
Iteration: 646
Iteration: 647
Iteration: 648
Iteration: 649
Iteration: 650
Iteration: 651
Iteration: 652
Iteration: 653
Iteration: 654
Iteration: 655
Iteration: 656
Iteration: 657
Iteration: 658
Iteration: 659
Iteration: 660
Iteration: 661
Iteration: 662
Iteration: 663
Iteration: 664
Iteration: 665
Iteration: 666
Iteration: 667
Iteration: 668
Iteration: 669
Iteration: 670
Iteration: 671
Iteration: 672
Iteration: 673
Iteration: 674
Iteration: 675
Iteration: 676
Iteration: 677
Iteration: 678
Iteration: 679
Iteration: 680
Iteration: 681
Iteration: 682
Iteration: 683
Iteration: 684
Iteration: 685
Iteration: 686
Iteration: 687
Iteration: 688
Iteration: 689
Iteration: 690
Iteration: 691
Iteration: 692
Iteration: 693
Iteration: 694
Iteration: 695
Iteration: 696
Iteration: 697
Iteration: 698
Iteration: 699
Iteration: 700
Iteration: 701
Iteration: 702
Iteration: 703
Iteration: 704
Iteration: 705
Iteration: 706
Iteration: 707
Iteration: 708
Iteration: 709
Iteration: 710
Iteration: 711
Iteration: 712
Iteration: 713
Iteration: 714
Iteration: 715
Iteration: 716
Iteration: 717
Iteration: 718
Iteration: 719
Iteration: 720
Iteration: 721
Iteration: 722
Iteration: 723
Iteration: 724
Iteration: 725
Iteration: 726
Iteration: 727
Iteration: 728
Iteration: 729
Iteration: 730
Iteration: 731
Iteration: 732
Iteration: 733
Iteration: 734
Iteration: 735
Iteration: 736
Iteration: 737
Iteration: 738
Iteration: 739
Iteration: 740
Iteration: 741
Iteration: 742
Iteration: 743
Iteration: 744
Iteration: 745
Iteration: 746
Iteration: 747
Iteration: 748
Iteration: 749
Iteration: 750
Iteration: 751
Iteration: 752
Iteration: 753
Iteration: 754
Iteration: 755
Iteration: 756
Iteration: 757
Iteration: 758
Iteration: 759
Iteration: 760
Iteration: 761
Iteration: 762
Iteration: 763
Iteration: 764
Iteration: 765
Iteration: 766
Iteration: 767
Iteration: 768
Iteration: 769
Iteration: 770
Iteration: 771
Iteration: 772
Iteration: 773
Iteration: 774
Iteration: 775
Iteration: 776
Iteration: 777
Iteration: 778
Iteration: 779
Iteration: 780
Iteration: 781
Iteration: 782
Iteration: 783
Iteration: 784
Iteration: 785
Iteration: 786
Iteration: 787
Iteration: 788
Iteration: 789
Iteration: 790
Iteration: 791
Iteration: 792
Iteration: 793
Iteration: 794
Iteration: 795
Iteration: 796
Iteration: 797
Iteration: 798
Iteration: 799
Iteration: 800
Iteration: 801
Iteration: 802
Iteration: 803
Iteration: 804
Iteration: 805
Iteration: 806
Iteration: 807
Iteration: 808
Iteration: 809
Iteration: 810
Iteration: 811
Iteration: 812
Iteration: 813
Iteration: 814
Iteration: 815
Iteration: 816
Iteration: 817
Iteration: 818
Iteration: 819
Iteration: 820
Iteration: 821
Iteration: 822
Iteration: 823
Iteration: 824
Iteration: 825
Iteration: 826
Iteration: 827
Iteration: 828
Iteration: 829
Iteration: 830
Iteration: 831
Iteration: 832
Iteration: 833
Iteration: 834
Iteration: 835
[I 19:34:03.977 NotebookApp] Kernel interrupted: 4600238b-bbb8-471d-855a-55ebb0da5e46
Iteration: 836
Iteration: 837
Iteration: 838
Iteration: 839
Iteration: 840
Iteration: 841
Iteration: 842
Iteration: 843
Iteration: 844
Iteration: 845
Iteration: 846
Iteration: 847
Iteration: 848
Iteration: 849
Iteration: 850
Iteration: 851
Iteration: 852
Iteration: 853
Iteration: 854
Iteration: 855
Iteration: 856
Iteration: 857
[I 19:34:11.367 NotebookApp] Saving file at /hw1/Codes.ipynb
Iteration: 858
Iteration: 859
Iteration: 860
Iteration: 861
Iteration: 862
Iteration: 863
[I 19:34:13.640 NotebookApp] Kernel interrupted: 4600238b-bbb8-471d-855a-55ebb0da5e46
Iteration: 864
Iteration: 865
Iteration: 866
Iteration: 867
Iteration: 868
Iteration: 869
Iteration: 870
Iteration: 871
Iteration: 872
Iteration: 873
Iteration: 874
Iteration: 875
Iteration: 876
Iteration: 877
Iteration: 878
Iteration: 879
Iteration: 880
Iteration: 881
Iteration: 882
Iteration: 883
Iteration: 884
Iteration: 885
Iteration: 886
Iteration: 887
Iteration: 888
Iteration: 889
Iteration: 890
Iteration: 891
Iteration: 892
Iteration: 893
Iteration: 894
Iteration: 895
Iteration: 896
Iteration: 897
Iteration: 898
Iteration: 899
Iteration: 900
Iteration: 901
Iteration: 902
Iteration: 903
Iteration: 904
Iteration: 905
Iteration: 906
Iteration: 907
Iteration: 908
Iteration: 909
Iteration: 910
Iteration: 911
Iteration: 912
Iteration: 913
Iteration: 914
Iteration: 915
Iteration: 916
Iteration: 917
Iteration: 918
Iteration: 919
Iteration: 920
Iteration: 921
Iteration: 922
Iteration: 923
Iteration: 924
Iteration: 925
Iteration: 926
Iteration: 927
Iteration: 928
Iteration: 929
Iteration: 930
Iteration: 931
Iteration: 932
Iteration: 933
Iteration: 934
Iteration: 935
Iteration: 936
Iteration: 937
Iteration: 938
Iteration: 939
Iteration: 940
Iteration: 941
Iteration: 942
Iteration: 943
Iteration: 944
Iteration: 945
Iteration: 946
[I 19:34:41.557 NotebookApp] Starting buffering for 4600238b-bbb8-471d-855a-55ebb0da5e46:d15b821a68cc458ba0f5af8bb1a5d2a4
Iteration: 947
Iteration: 948
Iteration: 949
Iteration: 950
Iteration: 951
Iteration: 952
Iteration: 953
Iteration: 954
Iteration: 955
Iteration: 956
Iteration: 957
Iteration: 958
Iteration: 959
Iteration: 960
Iteration: 961
[I 19:34:46.612 NotebookApp] Kernel restarted: 4600238b-bbb8-471d-855a-55ebb0da5e46
[I 19:34:47.085 NotebookApp] Adapting to protocol v5.1 for kernel 4600238b-bbb8-471d-855a-55ebb0da5e46
[I 19:34:47.087 NotebookApp] Restoring connection for 4600238b-bbb8-471d-855a-55ebb0da5e46:d15b821a68cc458ba0f5af8bb1a5d2a4
[C 19:35:18.643 NotebookApp] received signal 15, stopping
[I 19:35:18.643 NotebookApp] Shutting down 2 kernels
[I 19:35:18.845 NotebookApp] Kernel shutdown: 4600238b-bbb8-471d-855a-55ebb0da5e46
[I 19:35:18.845 NotebookApp] Kernel shutdown: 199146fc-776e-4859-b1d4-5f2e2bc26b81
[I 19:35:52.767 NotebookApp] Serving notebooks from local directory: /home/k123/git_repo/paper_notes/hw
[I 19:35:52.767 NotebookApp] 0 active kernels
[I 19:35:52.767 NotebookApp] The Jupyter Notebook is running at:
[I 19:35:52.768 NotebookApp] https://[all ip addresses on your system]:5000/
[I 19:35:52.768 NotebookApp] Use Control-C to stop this server and shut down all kernels (twice to skip confirmation).
[I 19:35:55.568 NotebookApp] Kernel started: b3ed7263-b124-41b2-b452-0edd63fa7d98
[I 19:35:55.781 NotebookApp] Adapting to protocol v5.1 for kernel b3ed7263-b124-41b2-b452-0edd63fa7d98
num param iterD: 1
Online Dictionary Learning with no parameter 
mode Alpha 2
Cleaning activated 
batch size: 400
L: 1600
lambda: 0.01
mode: 2
*****Online Dictionary Learning*****
Iteration: 0
[I 19:36:10.080 NotebookApp] Kernel interrupted: b3ed7263-b124-41b2-b452-0edd63fa7d98
[C 19:36:38.384 NotebookApp] received signal 15, stopping
[I 19:36:38.385 NotebookApp] Shutting down 1 kernel
[I 19:36:43.442 NotebookApp] Kernel shutdown: b3ed7263-b124-41b2-b452-0edd63fa7d98
[I 20:16:59.114 NotebookApp] Serving notebooks from local directory: /home/k123/git_repo/paper_notes/hw
[I 20:16:59.114 NotebookApp] 0 active kernels
[I 20:16:59.114 NotebookApp] The Jupyter Notebook is running at:
[I 20:16:59.114 NotebookApp] https://[all ip addresses on your system]:5000/
[I 20:16:59.114 NotebookApp] Use Control-C to stop this server and shut down all kernels (twice to skip confirmation).
[I 20:17:03.461 NotebookApp] Kernel started: 42b90e35-064b-4da1-a47f-64db343465f2
[I 20:17:03.786 NotebookApp] Adapting to protocol v5.1 for kernel 42b90e35-064b-4da1-a47f-64db343465f2
[W 20:22:03.786 NotebookApp] WebSocket ping timeout after 119913 ms.
[I 20:22:08.789 NotebookApp] Starting buffering for 42b90e35-064b-4da1-a47f-64db343465f2:9713f36d6f6248eab75bab31faba436f
[I 21:25:26.106 NotebookApp] Adapting to protocol v5.1 for kernel 42b90e35-064b-4da1-a47f-64db343465f2
[I 21:25:26.108 NotebookApp] Restoring connection for 42b90e35-064b-4da1-a47f-64db343465f2:9713f36d6f6248eab75bab31faba436f
[C 21:25:56.693 NotebookApp] received signal 15, stopping
[I 21:25:56.693 NotebookApp] Shutting down 1 kernel
[I 21:25:56.794 NotebookApp] Kernel shutdown: 42b90e35-064b-4da1-a47f-64db343465f2
[I 00:09:31.969 NotebookApp] Writing notebook server cookie secret to /run/user/1000/jupyter/notebook_cookie_secret
[I 00:09:32.148 NotebookApp] Serving notebooks from local directory: /home/k123/git_repo/paper_notes/hw
[I 00:09:32.148 NotebookApp] 0 active kernels
[I 00:09:32.148 NotebookApp] The Jupyter Notebook is running at:
[I 00:09:32.148 NotebookApp] https://[all ip addresses on your system]:5000/
[I 00:09:32.148 NotebookApp] Use Control-C to stop this server and shut down all kernels (twice to skip confirmation).
[I 00:09:33.422 NotebookApp] Interrupted...
[I 00:09:33.422 NotebookApp] Shutting down 0 kernels
[I 00:09:35.563 NotebookApp] Serving notebooks from local directory: /home/k123/git_repo/paper_notes/hw
[I 00:09:35.563 NotebookApp] 0 active kernels
[I 00:09:35.563 NotebookApp] The Jupyter Notebook is running at:
[I 00:09:35.563 NotebookApp] https://[all ip addresses on your system]:5000/
[I 00:09:35.563 NotebookApp] Use Control-C to stop this server and shut down all kernels (twice to skip confirmation).
[I 00:09:36.624 NotebookApp] 302 GET /notebooks/hw1/Codes.ipynb (111.240.48.126) 2.39ms
[I 00:09:39.064 NotebookApp] 302 POST /login?next=%2Fnotebooks%2Fhw1%2FCodes.ipynb (111.240.48.126) 2.62ms
[I 00:09:39.905 NotebookApp] Kernel started: 3f7b65fc-5a56-45d1-af59-fd67cb589b9e
[I 00:09:40.163 NotebookApp] Adapting to protocol v5.1 for kernel 3f7b65fc-5a56-45d1-af59-fd67cb589b9e
[I 00:11:40.012 NotebookApp] Saving file at /hw1/Codes.ipynb
[I 00:13:40.040 NotebookApp] Saving file at /hw1/Codes.ipynb
[I 00:15:40.050 NotebookApp] Saving file at /hw1/Codes.ipynb
[I 00:17:40.089 NotebookApp] Saving file at /hw1/Codes.ipynb
[I 01:46:25.992 NotebookApp] Saving file at /hw1/Codes.ipynb
[I 01:48:25.977 NotebookApp] Saving file at /hw1/Codes.ipynb
[I 01:50:25.991 NotebookApp] Saving file at /hw1/Codes.ipynb
[I 01:52:25.984 NotebookApp] Saving file at /hw1/Codes.ipynb
[I 01:54:26.186 NotebookApp] Saving file at /hw1/Codes.ipynb
[I 01:56:26.224 NotebookApp] Saving file at /hw1/Codes.ipynb
[I 01:58:26.011 NotebookApp] Saving file at /hw1/Codes.ipynb
[I 02:00:26.007 NotebookApp] Saving file at /hw1/Codes.ipynb
[I 02:02:26.036 NotebookApp] Saving file at /hw1/Codes.ipynb
[I 02:04:26.038 NotebookApp] Saving file at /hw1/Codes.ipynb
[I 02:06:26.049 NotebookApp] Saving file at /hw1/Codes.ipynb
[I 02:08:26.074 NotebookApp] Saving file at /hw1/Codes.ipynb
[I 02:10:26.103 NotebookApp] Saving file at /hw1/Codes.ipynb
[I 02:12:26.092 NotebookApp] Saving file at /hw1/Codes.ipynb
[I 02:14:26.110 NotebookApp] Saving file at /hw1/Codes.ipynb
[I 02:16:26.101 NotebookApp] Saving file at /hw1/Codes.ipynb
[I 02:18:26.122 NotebookApp] Saving file at /hw1/Codes.ipynb
[I 02:20:26.133 NotebookApp] Saving file at /hw1/Codes.ipynb
[I 02:22:26.135 NotebookApp] Saving file at /hw1/Codes.ipynb
[I 02:24:26.155 NotebookApp] Saving file at /hw1/Codes.ipynb
[I 02:26:26.168 NotebookApp] Saving file at /hw1/Codes.ipynb
[I 02:28:31.515 NotebookApp] Saving file at /hw1/Codes.ipynb
[I 02:32:38.100 NotebookApp] Saving file at /hw1/Codes.ipynb
[I 02:36:38.110 NotebookApp] Saving file at /hw1/Codes.ipynb
[I 02:40:38.151 NotebookApp] Saving file at /hw1/Codes.ipynb
[I 02:42:32.846 NotebookApp] Saving file at /hw1/Codes.ipynb
[I 02:42:36.383 NotebookApp] Saving file at /hw1/Codes.ipynb
[I 02:44:38.180 NotebookApp] Saving file at /hw1/Codes.ipynb
[I 02:46:38.180 NotebookApp] Saving file at /hw1/Codes.ipynb
[I 02:48:38.212 NotebookApp] Saving file at /hw1/Codes.ipynb
[I 02:50:38.197 NotebookApp] Saving file at /hw1/Codes.ipynb
[I 02:52:38.210 NotebookApp] Saving file at /hw1/Codes.ipynb
[I 02:53:58.058 NotebookApp] Kernel interrupted: 3f7b65fc-5a56-45d1-af59-fd67cb589b9e
[I 02:54:38.109 NotebookApp] Saving file at /hw1/Codes.ipynb
[I 02:54:40.521 NotebookApp] Kernel interrupted: 3f7b65fc-5a56-45d1-af59-fd67cb589b9e
[I 02:56:38.234 NotebookApp] Saving file at /hw1/Codes.ipynb
[I 02:58:38.214 NotebookApp] Saving file at /hw1/Codes.ipynb
[I 02:59:51.907 NotebookApp] Kernel interrupted: 3f7b65fc-5a56-45d1-af59-fd67cb589b9e
[I 03:00:38.225 NotebookApp] Saving file at /hw1/Codes.ipynb
[I 03:02:37.061 NotebookApp] Kernel interrupted: 3f7b65fc-5a56-45d1-af59-fd67cb589b9e
[I 03:02:37.125 NotebookApp] Kernel interrupted: 3f7b65fc-5a56-45d1-af59-fd67cb589b9e
[I 03:02:38.156 NotebookApp] Saving file at /hw1/Codes.ipynb
[I 03:02:53.270 NotebookApp] Kernel interrupted: 3f7b65fc-5a56-45d1-af59-fd67cb589b9e
[I 03:04:40.377 NotebookApp] Saving file at /hw1/Codes.ipynb
[C 03:14:51.436 NotebookApp] received signal 15, stopping
[I 03:14:51.436 NotebookApp] Shutting down 1 kernel
[I 03:14:51.537 NotebookApp] Kernel shutdown: 3f7b65fc-5a56-45d1-af59-fd67cb589b9e
[I 17:03:10.741 NotebookApp] Writing notebook server cookie secret to /run/user/1000/jupyter/notebook_cookie_secret
[I 17:03:10.929 NotebookApp] Serving notebooks from local directory: /home/k123/git_repo/paper_notes/hw
[I 17:03:10.929 NotebookApp] 0 active kernels
[I 17:03:10.929 NotebookApp] The Jupyter Notebook is running at:
[I 17:03:10.929 NotebookApp] https://[all ip addresses on your system]:5000/
[I 17:03:10.929 NotebookApp] Use Control-C to stop this server and shut down all kernels (twice to skip confirmation).
[I 17:03:26.947 NotebookApp] 302 GET / (140.112.16.130) 1.28ms
[I 17:03:26.981 NotebookApp] 302 GET /tree? (140.112.16.130) 2.70ms
[I 17:03:29.962 NotebookApp] 302 POST /login?next=%2Ftree%3F (140.112.16.130) 7.82ms
[I 17:03:41.169 NotebookApp] Kernel started: 13a6fedb-6a12-4bf8-a8e4-de61569503c5
[I 17:03:41.384 NotebookApp] Adapting to protocol v5.1 for kernel 13a6fedb-6a12-4bf8-a8e4-de61569503c5
[I 17:05:49.069 NotebookApp] Starting buffering for 13a6fedb-6a12-4bf8-a8e4-de61569503c5:44f18de4385f401789738bf9a0c85acb
[I 17:05:51.765 NotebookApp] Adapting to protocol v5.1 for kernel 13a6fedb-6a12-4bf8-a8e4-de61569503c5
[I 17:07:51.643 NotebookApp] Saving file at /hw1/Codes.ipynb
